Job starts at (local time) 2022-08-02 17:40:02

Input options used:
	--input: ['sample_group1.dose.vcf.gz', 'sample_group2.dose.vcf.gz', 'sample_group3.dose.vcf.gz']
	--info: ['sample_group1.info.gz', 'sample_group2.info.gz', 'sample_group3.info.gz']
	--output: ../output_sample/m
	--thread: 1
	--missing: 0
	--na_rep: .
	--r2_threshold: 0
	--r2_output: z_transformation
	--r2_cap: 0.001
	--duplicate_id: 0
	--check_duplicate_id: True
	--write_with: bgzip
	--meta_info: 1
	--verbose: False

Below .info.gz files were used:
	sample_group1.info.gz
	sample_group2.info.gz
	sample_group3.info.gz

Number of variants:
	Total number of all input files combined: 22
	Number of saved variants:1
	Number of excluded variants:21

Numbers of individuals in each input file: [10, 20, 15]

Duration: 0.00 hours, 0.00 minutes, 0.26 seconds

End of run