Job starts at (local time) 2022-06-16 00:12:05

Input options used:
	--input: ['../data_sample/sample_group1.dose.vcf.gz', '../data_sample/sample_group2.dose.vcf.gz', '../data_sample/sample_group3.dose.vcf.gz']
	--output: ../output_sample/merged_sample
	--thread: 1
	--missing: 1
	--na_rep: .|.
	--r2_threshold: 0
	--r2_output: z_transformation
	--duplicate_id: 5

Below .info.gz files were used:
	sample_group1.info.gz
	sample_group2.info.gz
	sample_group3.info.gz

Number of variants:
	Total number of all input files combined: 22
	Number of saved variants: 10
	Number of excluded variants: 12

Numbers of individuals in each input file: [10, 20, 15]

Duration: 0.00 hours, 0.00 minutes, 0.11 seconds

End of run